#
# There is insufficient memory for the Java Runtime Environment to continue.
# Native memory allocation (malloc) failed to allocate 1048576 bytes for AllocateHeap
# Possible reasons:
#   The system is out of physical RAM or swap space
#   The process is running with CompressedOops enabled, and the Java Heap may be blocking the growth of the native heap
# Possible solutions:
#   Reduce memory load on the system
#   Increase physical memory or swap space
#   Check if swap backing store is full
#   Decrease Java heap size (-Xmx/-Xms)
#   Decrease number of Java threads
#   Decrease Java thread stack sizes (-Xss)
#   Set larger code cache with -XX:ReservedCodeCacheSize=
#   JVM is running with Unscaled Compressed Oops mode in which the Java heap is
#     placed in the first 4GB address space. The Java Heap base address is the
#     maximum limit for the native heap growth. Please use -XX:HeapBaseMinAddress
#     to set the Java Heap base and to place the Java Heap above 4GB virtual address.
# This output file may be truncated or incomplete.
#
#  Out of Memory Error (allocation.cpp:44), pid=1484, tid=1420
#
# JRE version:  (16.0.2+7) (build )
# Java VM: OpenJDK 64-Bit Server VM (16.0.2+7-67, mixed mode, sharing, tiered, compressed oops, compressed class ptrs, g1 gc, windows-amd64)
# No core dump will be written. Minidumps are not enabled by default on client versions of Windows
#

---------------  S U M M A R Y ------------

Command Line: -Dfile.encoding=UTF-8 -XX:+ShowCodeDetailsInExceptionMessages si.src.naloga.Main

Host: Intel(R) Core(TM) i3-3217U CPU @ 1.80GHz, 4 cores, 3G,  Windows 10 , 64 bit Build 18362 (10.0.18362.329)
Time: Thu Oct 14 22:10:41 2021 Central Europe Daylight Time elapsed time: 0.087475 seconds (0d 0h 0m 0s)

---------------  T H R E A D  ---------------

Current thread (0x000001deca0b8fd0):  JavaThread "Unknown thread" [_thread_in_vm, id=1420, stack(0x000000d7bcb00000,0x000000d7bcc00000)]

Stack: [0x000000d7bcb00000,0x000000d7bcc00000]
Native frames: (J=compiled Java code, j=interpreted, Vv=VM code, C=native code)
V  [jvm.dll+0x6681ca]
V  [jvm.dll+0x7c9e69]
V  [jvm.dll+0x7cb61e]
V  [jvm.dll+0x7cbc73]
V  [jvm.dll+0x242c55]
V  [jvm.dll+0xa8732]
V  [jvm.dll+0x2dc6d4]
V  [jvm.dll+0x2d423b]
V  [jvm.dll+0x79c741]
V  [jvm.dll+0x360791]
V  [jvm.dll+0x77a3f0]
V  [jvm.dll+0x3e4e8f]
V  [jvm.dll+0x3e6961]
C  [jli.dll+0x52fb]
C  [ucrtbase.dll+0x20e72]
C  [KERNEL32.DLL+0x17bd4]
C  [ntdll.dll+0x6ced1]


---------------  P R O C E S S  ---------------

Threads class SMR info:
_java_thread_list=0x00007ff90347cbb8, length=0, elements={
}

Java Threads: ( => current thread )

Other Threads:
  0x000001deca0e8a70 GCTaskThread "GC Thread#0" [stack: 0x000000d7bcc00000,0x000000d7bcd00000] [id=10192]

[error occurred during error reporting (printing all threads), id 0xc0000005, EXCEPTION_ACCESS_VIOLATION (0xc0000005) at pc=0x00007ff902c513c0]

VM state: not at safepoint (not fully initialized)

VM Mutex/Monitor currently owned by a thread:  ([mutex/lock_event])
[0x000001deca0b5ab0] Heap_lock - owner thread: 0x000001deca0b8fd0

Heap address: 0x00000000c1c00000, size: 996 MB, Compressed Oops mode: 32-bit

CDS archive(s) mapped at: [0x0000000000000000-0x0000000000000000-0x0000000000000000), size 0, SharedBaseAddress: 0x0000000800000000, ArchiveRelocationMode: 0.
Narrow klass base: 0x0000000000000000, Narrow klass shift: 0, Narrow klass range: 0x0

GC Precious Log:
<Empty>

Heap:
 garbage-first heap   total 0K, used 0K [0x00000000c1c00000, 0x0000000100000000)
  region size 1024K, 0 young (0K), 0 survivors (0K)

[error occurred during error reporting (printing heap information), id 0xc0000005, EXCEPTION_ACCESS_VIOLATION (0xc0000005) at pc=0x00007ff903031eed]

GC Heap History (0 events):
No events

Deoptimization events (0 events):
No events

Classes unloaded (0 events):
No events

Classes redefined (0 events):
No events

Internal exceptions (0 events):
No events

Events (1 events):
Event: 0.011 Loaded shared library C:\Users\Claire\.p2\pool\plugins\org.eclipse.justj.openjdk.hotspot.jre.full.win32.x86_64_16.0.2.v20210721-1149\jre\bin\java.dll


Dynamic libraries:
0x00007ff7b12d0000 - 0x00007ff7b12de000 	C:\Users\Claire\.p2\pool\plugins\org.eclipse.justj.openjdk.hotspot.jre.full.win32.x86_64_16.0.2.v20210721-1149\jre\bin\javaw.exe
0x00007ff949d40000 - 0x00007ff949f30000 	C:\Windows\SYSTEM32\ntdll.dll
0x00007ff949010000 - 0x00007ff9490c2000 	C:\Windows\System32\KERNEL32.DLL
0x00007ff947970000 - 0x00007ff947c13000 	C:\Windows\System32\KERNELBASE.dll
0x00007ff946fc0000 - 0x00007ff9470ba000 	C:\Windows\System32\ucrtbase.dll
0x00007ff934680000 - 0x00007ff934698000 	C:\Users\Claire\.p2\pool\plugins\org.eclipse.justj.openjdk.hotspot.jre.full.win32.x86_64_16.0.2.v20210721-1149\jre\bin\jli.dll
0x00007ff947e30000 - 0x00007ff947fc4000 	C:\Windows\System32\USER32.dll
0x00007ff947940000 - 0x00007ff947961000 	C:\Windows\System32\win32u.dll
0x00007ff948120000 - 0x00007ff948146000 	C:\Windows\System32\GDI32.dll
0x00007ff946e20000 - 0x00007ff946fb4000 	C:\Windows\System32\gdi32full.dll
0x00007ff947d50000 - 0x00007ff947dee000 	C:\Windows\System32\msvcp_win.dll
0x00007ff9346a0000 - 0x00007ff9346b9000 	C:\Users\Claire\.p2\pool\plugins\org.eclipse.justj.openjdk.hotspot.jre.full.win32.x86_64_16.0.2.v20210721-1149\jre\bin\VCRUNTIME140.dll
0x00007ff9368d0000 - 0x00007ff936b55000 	C:\Windows\WinSxS\amd64_microsoft.windows.common-controls_6595b64144ccf1df_6.0.18362.418_none_e6c6b287130d565d\COMCTL32.dll
0x00007ff9498b0000 - 0x00007ff94994e000 	C:\Windows\System32\msvcrt.dll
0x00007ff948cd0000 - 0x00007ff949006000 	C:\Windows\System32\combase.dll
0x00007ff948420000 - 0x00007ff948540000 	C:\Windows\System32\RPCRT4.dll
0x00007ff947c20000 - 0x00007ff947ca0000 	C:\Windows\System32\bcryptPrimitives.dll
0x00007ff947e00000 - 0x00007ff947e2e000 	C:\Windows\System32\IMM32.DLL
0x00007ff934700000 - 0x00007ff93470c000 	C:\Users\Claire\.p2\pool\plugins\org.eclipse.justj.openjdk.hotspot.jre.full.win32.x86_64_16.0.2.v20210721-1149\jre\bin\vcruntime140_1.dll
0x00007ff910500000 - 0x00007ff910591000 	C:\Users\Claire\.p2\pool\plugins\org.eclipse.justj.openjdk.hotspot.jre.full.win32.x86_64_16.0.2.v20210721-1149\jre\bin\msvcp140.dll
0x00007ff902970000 - 0x00007ff90351b000 	C:\Users\Claire\.p2\pool\plugins\org.eclipse.justj.openjdk.hotspot.jre.full.win32.x86_64_16.0.2.v20210721-1149\jre\bin\server\jvm.dll
0x00007ff947fd0000 - 0x00007ff948073000 	C:\Windows\System32\ADVAPI32.dll
0x00007ff948080000 - 0x00007ff948117000 	C:\Windows\System32\sechost.dll
0x00007ff947df0000 - 0x00007ff947df8000 	C:\Windows\System32\PSAPI.DLL
0x00007ff93cc20000 - 0x00007ff93cc29000 	C:\Windows\SYSTEM32\WSOCK32.dll
0x00007ff943e90000 - 0x00007ff943eb4000 	C:\Windows\SYSTEM32\WINMM.dll
0x00007ff9490d0000 - 0x00007ff94913f000 	C:\Windows\System32\WS2_32.dll
0x00007ff93cb70000 - 0x00007ff93cb7a000 	C:\Windows\SYSTEM32\VERSION.dll
0x00007ff943e60000 - 0x00007ff943e8d000 	C:\Windows\SYSTEM32\WINMMBASE.dll
0x00007ff947170000 - 0x00007ff9471ba000 	C:\Windows\System32\cfgmgr32.dll
0x00007ff946c90000 - 0x00007ff946ca1000 	C:\Windows\System32\kernel.appcore.dll
0x00007ff93cc10000 - 0x00007ff93cc1a000 	C:\Users\Claire\.p2\pool\plugins\org.eclipse.justj.openjdk.hotspot.jre.full.win32.x86_64_16.0.2.v20210721-1149\jre\bin\jimage.dll
0x00007ff936400000 - 0x00007ff9365f4000 	C:\Windows\SYSTEM32\DBGHELP.DLL
0x00007ff936820000 - 0x00007ff93684a000 	C:\Windows\SYSTEM32\dbgcore.DLL
0x00007ff93cbe0000 - 0x00007ff93cc05000 	C:\Users\Claire\.p2\pool\plugins\org.eclipse.justj.openjdk.hotspot.jre.full.win32.x86_64_16.0.2.v20210721-1149\jre\bin\java.dll

dbghelp: loaded successfully - version: 4.0.5 - missing functions: none
symbol engine: initialized successfully - sym options: 0x614 - pdb path: .;C:\Users\Claire\.p2\pool\plugins\org.eclipse.justj.openjdk.hotspot.jre.full.win32.x86_64_16.0.2.v20210721-1149\jre\bin;C:\Windows\SYSTEM32;C:\Windows\WinSxS\amd64_microsoft.windows.common-controls_6595b64144ccf1df_6.0.18362.418_none_e6c6b287130d565d;C:\Users\Claire\.p2\pool\plugins\org.eclipse.justj.openjdk.hotspot.jre.full.win32.x86_64_16.0.2.v20210721-1149\jre\bin\server

VM Arguments:
jvm_args: -Dfile.encoding=UTF-8 -XX:+ShowCodeDetailsInExceptionMessages 
java_command: si.src.naloga.Main
java_class_path (initial): D:\Programi\Eclipse\workspaces\TelefonskiImenik\target\classes
Launcher Type: SUN_STANDARD

[Global flags]
     intx CICompilerCount                          = 3                                         {product} {ergonomic}
     uint ConcGCThreads                            = 1                                         {product} {ergonomic}
     uint G1ConcRefinementThreads                  = 4                                         {product} {ergonomic}
   size_t G1HeapRegionSize                         = 1048576                                   {product} {ergonomic}
    uintx GCDrainStackTargetSize                   = 64                                        {product} {ergonomic}
   size_t InitialHeapSize                          = 67108864                                  {product} {ergonomic}
   size_t MarkStackSize                            = 4194304                                   {product} {ergonomic}
   size_t MaxHeapSize                              = 1044381696                                {product} {ergonomic}
   size_t MinHeapDeltaBytes                        = 1048576                                   {product} {ergonomic}
   size_t MinHeapSize                              = 8388608                                   {product} {ergonomic}
    uintx NonNMethodCodeHeapSize                   = 5832780                                {pd product} {ergonomic}
    uintx NonProfiledCodeHeapSize                  = 122912730                              {pd product} {ergonomic}
    uintx ProfiledCodeHeapSize                     = 122912730                              {pd product} {ergonomic}
    uintx ReservedCodeCacheSize                    = 251658240                              {pd product} {ergonomic}
     bool SegmentedCodeCache                       = true                                      {product} {ergonomic}
     bool ShowCodeDetailsInExceptionMessages       = true                                   {manageable} {command line}
   size_t SoftMaxHeapSize                          = 1044381696                             {manageable} {ergonomic}
     bool UseCompressedClassPointers               = true                           {product lp64_product} {ergonomic}
     bool UseCompressedOops                        = true                           {product lp64_product} {ergonomic}
     bool UseG1GC                                  = true                                      {product} {ergonomic}
     bool UseLargePagesIndividualAllocation        = false                                  {pd product} {ergonomic}

Logging:
Log output configuration:
 #0: stdout all=warning uptime,level,tags
 #1: stderr all=off uptime,level,tags

Environment Variables:
PATH=C:/Users/Claire/.p2/pool/plugins/org.eclipse.justj.openjdk.hotspot.jre.full.win32.x86_64_16.0.2.v20210721-1149/jre/bin/server;C:/Users/Claire/.p2/pool/plugins/org.eclipse.justj.openjdk.hotspot.jre.full.win32.x86_64_16.0.2.v20210721-1149/jre/bin;C:\Windows\system32;C:\Windows;C:\Windows\System32\Wbem;C:\Windows\System32\WindowsPowerShell\v1.0\;C:\Windows\System32\OpenSSH\;D:\Programi\MatLab\bin;C:\Users\Claire\AppData\Local\Microsoft\WindowsApps;;C:\Users\Claire\Desktop;
USERNAME=Claire
OS=Windows_NT
PROCESSOR_IDENTIFIER=Intel64 Family 6 Model 58 Stepping 9, GenuineIntel



---------------  S Y S T E M  ---------------

OS:
 Windows 10 , 64 bit Build 18362 (10.0.18362.329)
OS uptime: 0 days 3:28 hours

CPU: total 4 (initial active 4) (2 cores per cpu, 2 threads per core) family 6 model 58 stepping 9 microcode 0x20, cx8, cmov, fxsr, ht, mmx, sse, sse2, sse3, ssse3, sse4.1, sse4.2, popcnt, tsc, tscinvbit, avx, erms, clmul, vzeroupper, clflush

Memory: 4k page, system-wide physical 3981M (834M free)
TotalPageFile size 6029M (AvailPageFile size 6M)
current process WorkingSet (physical memory assigned to process): 9M, peak: 9M
current process commit charge ("private bytes"): 47M, peak: 48M

vm_info: OpenJDK 64-Bit Server VM (16.0.2+7-67) for windows-amd64 JRE (16.0.2+7-67), built on Jun  8 2021 23:21:43 by "mach5one" with MS VC++ 16.7 (VS2019)

END.
